<?xml version="1.0" encoding="UTF-8"?>
<testsuite xmlns:xsi="http://www.w3.org/2001/XMLSchema-instance" xsi:schemaLocation="https://maven.apache.org/surefire/maven-surefire-plugin/xsd/surefire-test-report.xsd" name="tests.ContactUsTest" time="18.636" tests="3" errors="0" skipped="0" failures="0">
  <properties>
[...]
</properties>
  <testcase name="shouldNotAllowToSendContactUsFormWithEmailOnly" classname="tests.ContactUsTest" time="6.014"/>
  <testcase name="shouldSendContactUsFromWithValidData" classname="tests.ContactUsTest" time="6.862"/>
  <testcase name="shouldNotAllowToSentEmptyContactUsForm" classname="tests.ContactUsTest" time="5.377"/>
</testsuite>